[2024-10-05 06:42:09] development.INFO: password Generated for this  Organisation :   
[2024-10-05 06:42:09] development.INFO: GSKV+h9GI9,U  
[2024-10-05 06:42:10] development.ERROR: Error Creating Organisation  
[2024-10-05 06:42:10] development.ERROR: Symfony\Component\Mime\Exception\LogicException: 
An email must have a "From" or a "Sender" header. in C:\xampp\htdocs\metroberry-apis-v1.1.0\vendor\symfony\mime\Message.php:132
Stack trace:
#0 C:\xampp\htdocs\metroberry-apis-v1.1.0\vendor\symfony\mime\Email.php(399): Symfony\Component\Mime\Message->ensureValidity()
#1 C:\xampp\htdocs\metroberry-apis-v1.1.0\vendor\symfony\mailer\SentMessage.php(33): Symfony\Component\Mime\Email->ensureValidity()
#2 C:\xampp\htdocs\metroberry-apis-v1.1.0\vendor\symfony\mailer\Transport\AbstractTransport.php(68): Symfony\Component\Mailer\SentMessage->__construct(Object(Symfony\Component\Mime\Email), Object(Symfony\Component\Mailer\DelayedEnvelope))
#3 C:\xampp\htdocs\metroberry-apis-v1.1.0\vendor\symfony\mailer\Transport\Smtp\SmtpTransport.php(137): Symfony\Component\Mailer\Transport\AbstractTransport->send(Object(Symfony\Component\Mime\Email), Object(Symfony\Component\Mailer\DelayedEnvelope))
#4 C:\xampp\htdocs\metroberry-apis-v1.1.0\vendor\laravel\framework\src\Illuminate\Mail\Mailer.php(585): Symfony\Component\Mailer\Transport\Smtp\SmtpTransport->send(Object(Symfony\Component\Mime\Email), Object(Symfony\Component\Mailer\DelayedEnvelope))
#5 C:\xampp\htdocs\metroberry-apis-v1.1.0\vendor\laravel\framework\src\Illuminate\Mail\Mailer.php(332): Illuminate\Mail\Mailer->sendSymfonyMessage(Object(Symfony\Component\Mime\Email))
#6 C:\xampp\htdocs\metroberry-apis-v1.1.0\vendor\laravel\framework\src\Illuminate\Mail\MailManager.php(607): Illuminate\Mail\Mailer->send('mail-view.organ...', Array, Object(Closure))
#7 C:\xampp\htdocs\metroberry-apis-v1.1.0\vendor\laravel\framework\src\Illuminate\Support\Facades\Facade.php(357): Illuminate\Mail\MailManager->__call('send', Array)
#8 C:\xampp\htdocs\metroberry-apis-v1.1.0\app\Http\Controllers\OrganisationController.php(202): Illuminate\Support\Facades\Facade::__callStatic('send', Array)
#9 C:\xampp\htdocs\metroberry-apis-v1.1.0\vendor\laravel\framework\src\Illuminate\Routing\ControllerDispatcher.php(46): App\Http\Controllers\OrganisationController->store(Object(Illuminate\Http\Request))
#10 C:\xampp\htdocs\metroberry-apis-v1.1.0\vendor\laravel\framework\src\Illuminate\Routing\Route.php(260): Illuminate\Routing\ControllerDispatcher->dispatch(Object(Illuminate\Routing\Route), Object(App\Http\Controllers\OrganisationController), 'store')
#11 C:\xampp\htdocs\metroberry-apis-v1.1.0\vendor\laravel\framework\src\Illuminate\Routing\Route.php(206): Illuminate\Routing\Route->runController()
#12 C:\xampp\htdocs\metroberry-apis-v1.1.0\vendor\laravel\framework\src\Illuminate\Routing\Router.php(808): Illuminate\Routing\Route->run()
#13 C:\xampp\htdocs\metroberry-apis-v1.1.0\vendor\laravel\framework\src\Illuminate\Pipeline\Pipeline.php(144): Illuminate\Routing\Router->Illuminate\Routing\{closure}(Object(Illuminate\Http\Request))
#14 C:\xampp\htdocs\metroberry-apis-v1.1.0\vendor\laravel\framework\src\Illuminate\Auth\Middleware\Authorize.php(57): Illuminate\Pipeline\Pipeline->Illuminate\Pipeline\{closure}(Object(Illuminate\Http\Request))
#15 C:\xampp\htdocs\metroberry-apis-v1.1.0\vendor\laravel\framework\src\Illuminate\Pipeline\Pipeline.php(183): Illuminate\Auth\Middleware\Authorize->handle(Object(Illuminate\Http\Request), Object(Closure), 'create organisa...')
#16 C:\xampp\htdocs\metroberry-apis-v1.1.0\vendor\laravel\framework\src\Illuminate\Routing\Middleware\SubstituteBindings.php(51): Illuminate\Pipeline\Pipeline->Illuminate\Pipeline\{closure}(Object(Illuminate\Http\Request))
#17 C:\xampp\htdocs\metroberry-apis-v1.1.0\vendor\laravel\framework\src\Illuminate\Pipeline\Pipeline.php(183): Illuminate\Routing\Middleware\SubstituteBindings->handle(Object(Illuminate\Http\Request), Object(Closure))
#18 C:\xampp\htdocs\metroberry-apis-v1.1.0\vendor\laravel\framework\src\Illuminate\Auth\Middleware\Authenticate.php(64): Illuminate\Pipeline\Pipeline->Illuminate\Pipeline\{closure}(Object(Illuminate\Http\Request))
#19 C:\xampp\htdocs\metroberry-apis-v1.1.0\vendor\laravel\framework\src\Illuminate\Pipeline\Pipeline.php(183): Illuminate\Auth\Middleware\Authenticate->handle(Object(Illuminate\Http\Request), Object(Closure))
#20 C:\xampp\htdocs\metroberry-apis-v1.1.0\vendor\laravel\framework\src\Illuminate\Foundation\Http\Middleware\VerifyCsrfToken.php(88): Illuminate\Pipeline\Pipeline->Illuminate\Pipeline\{closure}(Object(Illuminate\Http\Request))
#21 C:\xampp\htdocs\metroberry-apis-v1.1.0\vendor\laravel\framework\src\Illuminate\Pipeline\Pipeline.php(183): Illuminate\Foundation\Http\Middleware\VerifyCsrfToken->handle(Object(Illuminate\Http\Request), Object(Closure))
#22 C:\xampp\htdocs\metroberry-apis-v1.1.0\vendor\laravel\framework\src\Illuminate\View\Middleware\ShareErrorsFromSession.php(49): Illuminate\Pipeline\Pipeline->Illuminate\Pipeline\{closure}(Object(Illuminate\Http\Request))
#23 C:\xampp\htdocs\metroberry-apis-v1.1.0\vendor\laravel\framework\src\Illuminate\Pipeline\Pipeline.php(183): Illuminate\View\Middleware\ShareErrorsFromSession->handle(Object(Illuminate\Http\Request), Object(Closure))
#24 C:\xampp\htdocs\metroberry-apis-v1.1.0\vendor\laravel\framework\src\Illuminate\Session\Middleware\StartSession.php(121): Illuminate\Pipeline\Pipeline->Illuminate\Pipeline\{closure}(Object(Illuminate\Http\Request))
#25 C:\xampp\htdocs\metroberry-apis-v1.1.0\vendor\laravel\framework\src\Illuminate\Session\Middleware\StartSession.php(64): Illuminate\Session\Middleware\StartSession->handleStatefulRequest(Object(Illuminate\Http\Request), Object(Illuminate\Session\Store), Object(Closure))
#26 C:\xampp\htdocs\metroberry-apis-v1.1.0\vendor\laravel\framework\src\Illuminate\Pipeline\Pipeline.php(183): Illuminate\Session\Middleware\StartSession->handle(Object(Illuminate\Http\Request), Object(Closure))
#27 C:\xampp\htdocs\metroberry-apis-v1.1.0\vendor\laravel\framework\src\Illuminate\Cookie\Middleware\AddQueuedCookiesToResponse.php(37): Illuminate\Pipeline\Pipeline->Illuminate\Pipeline\{closure}(Object(Illuminate\Http\Request))
#28 C:\xampp\htdocs\metroberry-apis-v1.1.0\vendor\laravel\framework\src\Illuminate\Pipeline\Pipeline.php(183): Illuminate\Cookie\Middleware\AddQueuedCookiesToResponse->handle(Object(Illuminate\Http\Request), Object(Closure))
#29 C:\xampp\htdocs\metroberry-apis-v1.1.0\vendor\laravel\framework\src\Illuminate\Cookie\Middleware\EncryptCookies.php(75): Illuminate\Pipeline\Pipeline->Illuminate\Pipeline\{closure}(Object(Illuminate\Http\Request))
#30 C:\xampp\htdocs\metroberry-apis-v1.1.0\vendor\laravel\framework\src\Illuminate\Pipeline\Pipeline.php(183): Illuminate\Cookie\Middleware\EncryptCookies->handle(Object(Illuminate\Http\Request), Object(Closure))
#31 C:\xampp\htdocs\metroberry-apis-v1.1.0\vendor\laravel\framework\src\Illuminate\Pipeline\Pipeline.php(119): Illuminate\Pipeline\Pipeline->Illuminate\Pipeline\{closure}(Object(Illuminate\Http\Request))
#32 C:\xampp\htdocs\metroberry-apis-v1.1.0\vendor\laravel\framework\src\Illuminate\Routing\Router.php(807): Illuminate\Pipeline\Pipeline->then(Object(Closure))
#33 C:\xampp\htdocs\metroberry-apis-v1.1.0\vendor\laravel\framework\src\Illuminate\Routing\Router.php(786): Illuminate\Routing\Router->runRouteWithinStack(Object(Illuminate\Routing\Route), Object(Illuminate\Http\Request))
#34 C:\xampp\htdocs\metroberry-apis-v1.1.0\vendor\laravel\framework\src\Illuminate\Routing\Router.php(750): Illuminate\Routing\Router->runRoute(Object(Illuminate\Http\Request), Object(Illuminate\Routing\Route))
#35 C:\xampp\htdocs\metroberry-apis-v1.1.0\vendor\laravel\framework\src\Illuminate\Routing\Router.php(739): Illuminate\Routing\Router->dispatchToRoute(Object(Illuminate\Http\Request))
#36 C:\xampp\htdocs\metroberry-apis-v1.1.0\vendor\laravel\framework\src\Illuminate\Foundation\Http\Kernel.php(201): Illuminate\Routing\Router->dispatch(Object(Illuminate\Http\Request))
#37 C:\xampp\htdocs\metroberry-apis-v1.1.0\vendor\laravel\framework\src\Illuminate\Pipeline\Pipeline.php(144): Illuminate\Foundation\Http\Kernel->Illuminate\Foundation\Http\{closure}(Object(Illuminate\Http\Request))
#38 C:\xampp\htdocs\metroberry-apis-v1.1.0\vendor\laravel\framework\src\Illuminate\Foundation\Http\Middleware\TransformsRequest.php(21): Illuminate\Pipeline\Pipeline->Illuminate\Pipeline\{closure}(Object(Illuminate\Http\Request))
#39 C:\xampp\htdocs\metroberry-apis-v1.1.0\vendor\laravel\framework\src\Illuminate\Foundation\Http\Middleware\ConvertEmptyStringsToNull.php(31): Illuminate\Foundation\Http\Middleware\TransformsRequest->handle(Object(Illuminate\Http\Request), Object(Closure))
#40 C:\xampp\htdocs\metroberry-apis-v1.1.0\vendor\laravel\framework\src\Illuminate\Pipeline\Pipeline.php(183): Illuminate\Foundation\Http\Middleware\ConvertEmptyStringsToNull->handle(Object(Illuminate\Http\Request), Object(Closure))
#41 C:\xampp\htdocs\metroberry-apis-v1.1.0\vendor\laravel\framework\src\Illuminate\Foundation\Http\Middleware\TransformsRequest.php(21): Illuminate\Pipeline\Pipeline->Illuminate\Pipeline\{closure}(Object(Illuminate\Http\Request))
#42 C:\xampp\htdocs\metroberry-apis-v1.1.0\vendor\laravel\framework\src\Illuminate\Foundation\Http\Middleware\TrimStrings.php(51): Illuminate\Foundation\Http\Middleware\TransformsRequest->handle(Object(Illuminate\Http\Request), Object(Closure))
#43 C:\xampp\htdocs\metroberry-apis-v1.1.0\vendor\laravel\framework\src\Illuminate\Pipeline\Pipeline.php(183): Illuminate\Foundation\Http\Middleware\TrimStrings->handle(Object(Illuminate\Http\Request), Object(Closure))
#44 C:\xampp\htdocs\metroberry-apis-v1.1.0\vendor\laravel\framework\src\Illuminate\Http\Middleware\ValidatePostSize.php(27): Illuminate\Pipeline\Pipeline->Illuminate\Pipeline\{closure}(Object(Illuminate\Http\Request))
#45 C:\xampp\htdocs\metroberry-apis-v1.1.0\vendor\laravel\framework\src\Illuminate\Pipeline\Pipeline.php(183): Illuminate\Http\Middleware\ValidatePostSize->handle(Object(Illuminate\Http\Request), Object(Closure))
#46 C:\xampp\htdocs\metroberry-apis-v1.1.0\vendor\laravel\framework\src\Illuminate\Foundation\Http\Middleware\PreventRequestsDuringMaintenance.php(110): Illuminate\Pipeline\Pipeline->Illuminate\Pipeline\{closure}(Object(Illuminate\Http\Request))
#47 C:\xampp\htdocs\metroberry-apis-v1.1.0\vendor\laravel\framework\src\Illuminate\Pipeline\Pipeline.php(183): Illuminate\Foundation\Http\Middleware\PreventRequestsDuringMaintenance->handle(Object(Illuminate\Http\Request), Object(Closure))
#48 C:\xampp\htdocs\metroberry-apis-v1.1.0\vendor\laravel\framework\src\Illuminate\Http\Middleware\HandleCors.php(49): Illuminate\Pipeline\Pipeline->Illuminate\Pipeline\{closure}(Object(Illuminate\Http\Request))
#49 C:\xampp\htdocs\metroberry-apis-v1.1.0\vendor\laravel\framework\src\Illuminate\Pipeline\Pipeline.php(183): Illuminate\Http\Middleware\HandleCors->handle(Object(Illuminate\Http\Request), Object(Closure))
#50 C:\xampp\htdocs\metroberry-apis-v1.1.0\vendor\laravel\framework\src\Illuminate\Http\Middleware\TrustProxies.php(57): Illuminate\Pipeline\Pipeline->Illuminate\Pipeline\{closure}(Object(Illuminate\Http\Request))
#51 C:\xampp\htdocs\metroberry-apis-v1.1.0\vendor\laravel\framework\src\Illuminate\Pipeline\Pipeline.php(183): Illuminate\Http\Middleware\TrustProxies->handle(Object(Illuminate\Http\Request), Object(Closure))
#52 C:\xampp\htdocs\metroberry-apis-v1.1.0\vendor\laravel\framework\src\Illuminate\Pipeline\Pipeline.php(119): Illuminate\Pipeline\Pipeline->Illuminate\Pipeline\{closure}(Object(Illuminate\Http\Request))
#53 C:\xampp\htdocs\metroberry-apis-v1.1.0\vendor\laravel\framework\src\Illuminate\Foundation\Http\Kernel.php(176): Illuminate\Pipeline\Pipeline->then(Object(Closure))
#54 C:\xampp\htdocs\metroberry-apis-v1.1.0\vendor\laravel\framework\src\Illuminate\Foundation\Http\Kernel.php(145): Illuminate\Foundation\Http\Kernel->sendRequestThroughRouter(Object(Illuminate\Http\Request))
#55 C:\xampp\htdocs\metroberry-apis-v1.1.0\vendor\laravel\framework\src\Illuminate\Foundation\Application.php(1188): Illuminate\Foundation\Http\Kernel->handle(Object(Illuminate\Http\Request))
#56 C:\xampp\htdocs\metroberry-apis-v1.1.0\public\index.php(17): Illuminate\Foundation\Application->handleRequest(Object(Illuminate\Http\Request))
#57 C:\xampp\htdocs\metroberry-apis-v1.1.0\vendor\laravel\framework\src\Illuminate\Foundation\resources\server.php(23): require_once('C:\\xampp\\htdocs...')
#58 {main}  
[2024-10-05 06:43:42] development.INFO: Customers fetched:  {"customers":{"Illuminate\\Database\\Eloquent\\Collection":[{"id":1,"customer_organisation_code":"UC254","national_id_no":"40250164","national_id_front_avatar":"uploads/front-page-ids/naruto@uzumaki.com-front-id.webp","national_id_behind_avatar":"uploads/back-page-ids/naruto@uzumaki.com-back-id.webp","created_by":1,"status":"active","user":{"id":16,"name":"Uzumaki Naruto","email":"naruto@uzumaki.com","phone":"0783421672","address":"Uzushiogakure, Kuni","avatar":"uploads/user-avatars/naruto@uzumaki.com-avatar.webp","role":"customer","created_by":1},"creator":{"id":1,"name":"MetroBerry Admin","email":"admin@metroberry.co.ke","phone":"0708373982","address":"Nairobi, Kenya","avatar":"avatars/gJrAkRcDbdtNVt6acv1OFvddP2phh7jWaIDXAQn4.jpg","role":"admin","created_by":null}}]}} 
[2024-10-05 06:43:42] development.INFO: {"id":1,"customer_organisation_code":"UC254","national_id_no":"40250164","national_id_front_avatar":"uploads\/front-page-ids\/naruto@uzumaki.com-front-id.webp","national_id_behind_avatar":"uploads\/back-page-ids\/naruto@uzumaki.com-back-id.webp","created_by":1,"status":"active","user":{"id":16,"name":"Uzumaki Naruto","email":"naruto@uzumaki.com","phone":"0783421672","address":"Uzushiogakure, Kuni","avatar":"uploads\/user-avatars\/naruto@uzumaki.com-avatar.webp","role":"customer","created_by":1},"creator":{"id":1,"name":"MetroBerry Admin","email":"admin@metroberry.co.ke","phone":"0708373982","address":"Nairobi, Kenya","avatar":"avatars\/gJrAkRcDbdtNVt6acv1OFvddP2phh7jWaIDXAQn4.jpg","role":"admin","created_by":null}}  
[2024-10-05 06:44:00] development.INFO: Customers fetched:  {"customers":{"Illuminate\\Database\\Eloquent\\Collection":[{"id":1,"customer_organisation_code":"UC254","national_id_no":"40250164","national_id_front_avatar":"uploads/front-page-ids/naruto@uzumaki.com-front-id.webp","national_id_behind_avatar":"uploads/back-page-ids/naruto@uzumaki.com-back-id.webp","created_by":1,"status":"active","user":{"id":16,"name":"Uzumaki Naruto","email":"naruto@uzumaki.com","phone":"0783421672","address":"Uzushiogakure, Kuni","avatar":"uploads/user-avatars/naruto@uzumaki.com-avatar.webp","role":"customer","created_by":1},"creator":{"id":1,"name":"MetroBerry Admin","email":"admin@metroberry.co.ke","phone":"0708373982","address":"Nairobi, Kenya","avatar":"avatars/gJrAkRcDbdtNVt6acv1OFvddP2phh7jWaIDXAQn4.jpg","role":"admin","created_by":null}}]}} 
[2024-10-05 06:44:00] development.INFO: {"id":1,"customer_organisation_code":"UC254","national_id_no":"40250164","national_id_front_avatar":"uploads\/front-page-ids\/naruto@uzumaki.com-front-id.webp","national_id_behind_avatar":"uploads\/back-page-ids\/naruto@uzumaki.com-back-id.webp","created_by":1,"status":"active","user":{"id":16,"name":"Uzumaki Naruto","email":"naruto@uzumaki.com","phone":"0783421672","address":"Uzushiogakure, Kuni","avatar":"uploads\/user-avatars\/naruto@uzumaki.com-avatar.webp","role":"customer","created_by":1},"creator":{"id":1,"name":"MetroBerry Admin","email":"admin@metroberry.co.ke","phone":"0708373982","address":"Nairobi, Kenya","avatar":"avatars\/gJrAkRcDbdtNVt6acv1OFvddP2phh7jWaIDXAQn4.jpg","role":"admin","created_by":null}}  
[2024-10-05 06:44:48] development.INFO: Customers fetched:  {"customers":{"Illuminate\\Database\\Eloquent\\Collection":[{"id":1,"customer_organisation_code":"UC254","national_id_no":"40250164","national_id_front_avatar":"uploads/front-page-ids/naruto@uzumaki.com-front-id.webp","national_id_behind_avatar":"uploads/back-page-ids/naruto@uzumaki.com-back-id.webp","created_by":1,"status":"active","user":{"id":16,"name":"Uzumaki Naruto","email":"naruto@uzumaki.com","phone":"0783421672","address":"Uzushiogakure, Kuni","avatar":"uploads/user-avatars/naruto@uzumaki.com-avatar.webp","role":"customer","created_by":1},"creator":{"id":1,"name":"MetroBerry Admin","email":"admin@metroberry.co.ke","phone":"0708373982","address":"Nairobi, Kenya","avatar":"avatars/gJrAkRcDbdtNVt6acv1OFvddP2phh7jWaIDXAQn4.jpg","role":"admin","created_by":null}}]}} 
[2024-10-05 06:44:48] development.INFO: {"id":1,"customer_organisation_code":"UC254","national_id_no":"40250164","national_id_front_avatar":"uploads\/front-page-ids\/naruto@uzumaki.com-front-id.webp","national_id_behind_avatar":"uploads\/back-page-ids\/naruto@uzumaki.com-back-id.webp","created_by":1,"status":"active","user":{"id":16,"name":"Uzumaki Naruto","email":"naruto@uzumaki.com","phone":"0783421672","address":"Uzushiogakure, Kuni","avatar":"uploads\/user-avatars\/naruto@uzumaki.com-avatar.webp","role":"customer","created_by":1},"creator":{"id":1,"name":"MetroBerry Admin","email":"admin@metroberry.co.ke","phone":"0708373982","address":"Nairobi, Kenya","avatar":"avatars\/gJrAkRcDbdtNVt6acv1OFvddP2phh7jWaIDXAQn4.jpg","role":"admin","created_by":null}}  
